[35m[Appium][39m Welcome to Appium v1.22.3
[35m[Appium][39m Non-default server args:
[35m[Appium][39m   port: 56689
[35m[Appium][39m   loglevel: info
[35m[Appium][39m   tmpDir: C:\Users\THINKP~1\AppData\Local\Temp\\Katalon\Appium\Temp1656333567838
[35m[Appium][39m   chromedriverPort: 56690
[35m[Appium][39m Deprecated server args:
[35m[Appium][39m   [31m--chromedriver-port[39m => --default-capabilities
[35m[Appium][39m Default capabilities, which will be added to each request unless overridden by desired capabilities:
[35m[Appium][39m   chromedriverPort: 56690
[35m[Appium][39m Appium REST http interface listener started on 0.0.0.0:56689
[35m[HTTP][39m [37m-->[39m [37mGET[39m [37m/wd/hub/status[39m
[35m[HTTP][39m [90m{}[39m
[35m[HTTP][39m [37m<-- GET /wd/hub/status [39m[32m200[39m [90m21 ms - 68[39m
[35m[HTTP][39m [90m[39m
[35m[HTTP][39m [37m-->[39m [37mGET[39m [37m/wd/hub/status[39m
[35m[HTTP][39m [90m{}[39m
[35m[HTTP][39m [37m<-- GET /wd/hub/status [39m[32m200[39m [90m4 ms - 68[39m
[35m[HTTP][39m [90m[39m
[35m[HTTP][39m [37m-->[39m [37mPOST[39m [37m/wd/hub/session[39m
[35m[HTTP][39m [90m{"desiredCapabilities":{"app":"C:\\Users\\Thinkpad X260\\Downloads\\vaccine_booking.apk","noReset":true,"deviceName":"Xiaomi 21061119AG (Android 11)","fullReset":false,"platform":"ANDROID","newCommandTimeout":1800,"platformVersion":"11","automationName":"uiautomator2","autoGrantPermissions":true,"platformName":"Android","udid":"413290790507","systemPort":56704},"capabilities":{"firstMatch":[{"appium:app":"C:\\Users\\Thinkpad X260\\Downloads\\vaccine_booking.apk","appium:autoGrantPermissions":true,"appium:automationName":"uiautomator2","appium:deviceName":"Xiaomi 21061119AG (Android 11)","appium:fullReset":false,"appium:newCommandTimeout":1800,"appium:noReset":true,"platform":"ANDROID","platformName":"android","appium:platformVersion":"11","appium:systemPort":56704,"appium:udid":"413290790507"}]}}[39m
[35m[BaseDriver][39m The following capabilities are not standard capabilities and should have an extension prefix:
[35m[BaseDriver][39m   platform
[35m[BaseDriver][39m   chromedriverPort
[35m[Appium][39m Appium v1.22.3 creating new AndroidUiautomator2Driver (v1.70.1) session
[35m[BaseDriver][39m The following capabilities were provided, but are not recognized by Appium:
[35m[BaseDriver][39m   platform
[35m[BaseDriver][39m Session created with session id: dcbc3930-3ecd-4aa8-9266-8e828b1da455
[35m[BaseDriver][39m Using local app 'C:\Users\Thinkpad X260\Downloads\vaccine_booking.apk'
[35m[ADB][39m Found 1 'build-tools' folders under 'C:\Users\Thinkpad X260\.katalon\tools\android_sdk' (newest first):
[35m[ADB][39m     C:/Users/Thinkpad X260/.katalon/tools/android_sdk/build-tools/29.0.3
[35m[ADB][39m Using 'adb.exe' from 'C:\Users\Thinkpad X260\.katalon\tools\android_sdk\platform-tools\adb.exe'
[35m[AndroidDriver][39m Retrieving device list
[35m[AndroidDriver][39m Using device: 413290790507
[35m[ADB][39m Using 'adb.exe' from 'C:\Users\Thinkpad X260\.katalon\tools\android_sdk\platform-tools\adb.exe'
[35m[ADB][39m Getting device platform version
[35m[UiAutomator2][39m Relaxing hidden api policy
[35m[ADB][39m Package name: 'com.example.vaccine_booking'
[35m[ADB][39m Main activity name: 'com.example.vaccine_booking.MainActivity'
[35m[ADB][39m Using 'apksigner.jar' from 'C:\Users\Thinkpad X260\.katalon\tools\android_sdk\build-tools\29.0.3\lib\apksigner.jar'
[35m[ADB][39m 'C:\Users\Thinkpad X260\AppData\Roaming\npm\node_modules\appium\node_modules\appium-uiautomator2-server\apks\appium-uiautomator2-server-v4.27.0.apk' is signed with the default certificate
[35m[ADB][39m 'C:\Users\Thinkpad X260\AppData\Roaming\npm\node_modules\appium\node_modules\appium-uiautomator2-server\apks\appium-uiautomator2-server-debug-androidTest.apk' is signed with the default certificate
[35m[UiAutomator2][39m Server packages are not going to be (re)installed
[35m[ADB][39m Adding packages ["io.appium.settings","io.appium.uiautomator2.server","io.appium.uiautomator2.server.test"] to Doze whitelist
[35m[ADB][39m 'C:\Users\Thinkpad X260\Downloads\vaccine_booking.apk' is signed with a non-default certificate
[35m[UiAutomator2][39m Starting UIAutomator2 server 4.27.0
[35m[UiAutomator2][39m Using UIAutomator2 server from 'C:\Users\Thinkpad X260\AppData\Roaming\npm\node_modules\appium\node_modules\appium-uiautomator2-server\apks\appium-uiautomator2-server-v4.27.0.apk' and test from 'C:\Users\Thinkpad X260\AppData\Roaming\npm\node_modules\appium\node_modules\appium-uiautomator2-server\apks\appium-uiautomator2-server-debug-androidTest.apk'
[35m[UiAutomator2][39m Waiting up to 30000ms for UiAutomator2 to be online...
[35m[WD Proxy][39m socket hang up
[35m[WD Proxy][39m socket hang up
[35m[WD Proxy][39m socket hang up
[35m[WD Proxy][39m socket hang up
[35m[WD Proxy][39m Determined the downstream protocol as 'W3C'
[35m[AndroidDriver][39m Screen already unlocked, doing nothing
[35m[UiAutomator2][39m Starting 'com.example.vaccine_booking/com.example.vaccine_booking.MainActivity and waiting for 'com.example.vaccine_booking/com.example.vaccine_booking.MainActivity'
[35m[Appium][39m New AndroidUiautomator2Driver session created successfully, session dcbc3930-3ecd-4aa8-9266-8e828b1da455 added to master session list
[35m[HTTP][39m [37m<-- POST /wd/hub/session [39m[32m200[39m [90m17565 ms - 1282[39m
[35m[HTTP][39m [90m[39m
[35m[HTTP][39m [37m-->[39m [37mGET[39m [37m/wd/hub/session/dcbc3930-3ecd-4aa8-9266-8e828b1da455[39m
[35m[HTTP][39m [90m{}[39m
[35m[HTTP][39m [37m<-- GET /wd/hub/session/dcbc3930-3ecd-4aa8-9266-8e828b1da455 [39m[32m200[39m [90m15 ms - 1236[39m
[35m[HTTP][39m [90m[39m
[35m[HTTP][39m [37m-->[39m [37mGET[39m [37m/wd/hub/session/dcbc3930-3ecd-4aa8-9266-8e828b1da455[39m
[35m[HTTP][39m [90m{}[39m
[35m[HTTP][39m [37m<-- GET /wd/hub/session/dcbc3930-3ecd-4aa8-9266-8e828b1da455 [39m[32m200[39m [90m12 ms - 1236[39m
[35m[HTTP][39m [90m[39m
[35m[HTTP][39m [37m-->[39m [37mGET[39m [37m/wd/hub/status[39m
[35m[HTTP][39m [90m{}[39m
[35m[HTTP][39m [37m<-- GET /wd/hub/status [39m[32m200[39m [90m1 ms - 68[39m
[35m[HTTP][39m [90m[39m
[35m[HTTP][39m [37m-->[39m [37mPOST[39m [37m/wd/hub/session/dcbc3930-3ecd-4aa8-9266-8e828b1da455/timeouts[39m
[35m[HTTP][39m [90m{"implicit":60000}[39m
[35m[HTTP][39m [37m<-- POST /wd/hub/session/dcbc3930-3ecd-4aa8-9266-8e828b1da455/timeouts [39m[32m200[39m [90m6 ms - 14[39m
[35m[HTTP][39m [90m[39m
[35m[HTTP][39m [37m-->[39m [37mGET[39m [37m/wd/hub/session/dcbc3930-3ecd-4aa8-9266-8e828b1da455/source[39m
[35m[HTTP][39m [90m{}[39m
[35m[W3C (dcbc3930)][39m Driver proxy active, passing request on via HTTP proxy
[35m[WD Proxy][39m Replacing sessionId 2a4296b7-647f-4979-937d-317bbdf3fc9b with dcbc3930-3ecd-4aa8-9266-8e828b1da455
[35m[HTTP][39m [37m<-- GET /wd/hub/session/dcbc3930-3ecd-4aa8-9266-8e828b1da455/source [39m[32m200[39m [90m59 ms - 3595[39m
[35m[HTTP][39m [90m[39m
[35m[HTTP][39m [37m-->[39m [37mGET[39m [37m/wd/hub/session/dcbc3930-3ecd-4aa8-9266-8e828b1da455/screenshot[39m
[35m[HTTP][39m [90m{}[39m
[35m[HTTP][39m [37m<-- GET /wd/hub/session/dcbc3930-3ecd-4aa8-9266-8e828b1da455/screenshot [39m[32m200[39m [90m557 ms - 75172[39m
[35m[HTTP][39m [90m[39m
[35m[HTTP][39m [37m-->[39m [37mGET[39m [37m/wd/hub/session/dcbc3930-3ecd-4aa8-9266-8e828b1da455/source[39m
[35m[HTTP][39m [90m{}[39m
[35m[W3C (dcbc3930)][39m Driver proxy active, passing request on via HTTP proxy
[35m[WD Proxy][39m Replacing sessionId 2a4296b7-647f-4979-937d-317bbdf3fc9b with dcbc3930-3ecd-4aa8-9266-8e828b1da455
[35m[HTTP][39m [37m<-- GET /wd/hub/session/dcbc3930-3ecd-4aa8-9266-8e828b1da455/source [39m[32m200[39m [90m247 ms - 8657[39m
[35m[HTTP][39m [90m[39m
[35m[HTTP][39m [37m-->[39m [37mGET[39m [37m/wd/hub/session/dcbc3930-3ecd-4aa8-9266-8e828b1da455/screenshot[39m
[35m[HTTP][39m [90m{}[39m
[35m[HTTP][39m [37m<-- GET /wd/hub/session/dcbc3930-3ecd-4aa8-9266-8e828b1da455/screenshot [39m[32m200[39m [90m744 ms - 107502[39m
[35m[HTTP][39m [90m[39m
[35m[HTTP][39m [37m-->[39m [37mGET[39m [37m/wd/hub/session/dcbc3930-3ecd-4aa8-9266-8e828b1da455/source[39m
[35m[HTTP][39m [90m{}[39m
[35m[W3C (dcbc3930)][39m Driver proxy active, passing request on via HTTP proxy
[35m[WD Proxy][39m Replacing sessionId 2a4296b7-647f-4979-937d-317bbdf3fc9b with dcbc3930-3ecd-4aa8-9266-8e828b1da455
[35m[HTTP][39m [37m<-- GET /wd/hub/session/dcbc3930-3ecd-4aa8-9266-8e828b1da455/source [39m[32m200[39m [90m337 ms - 10136[39m
[35m[HTTP][39m [90m[39m
[35m[HTTP][39m [37m-->[39m [37mGET[39m [37m/wd/hub/session/dcbc3930-3ecd-4aa8-9266-8e828b1da455/screenshot[39m
[35m[HTTP][39m [90m{}[39m
[35m[HTTP][39m [37m<-- GET /wd/hub/session/dcbc3930-3ecd-4aa8-9266-8e828b1da455/screenshot [39m[32m200[39m [90m792 ms - 141908[39m
[35m[HTTP][39m [90m[39m
[35m[HTTP][39m [37m-->[39m [37mPOST[39m [37m/wd/hub/session/dcbc3930-3ecd-4aa8-9266-8e828b1da455/elements[39m
[35m[HTTP][39m [90m{"using":"xpath","value":"//*[@class = 'android.view.View' and @resource-id = '' and (@text = '' or . = '')]"}[39m
[35m[HTTP][39m [37m<-- POST /wd/hub/session/dcbc3930-3ecd-4aa8-9266-8e828b1da455/elements [39m[32m200[39m [90m1008 ms - 1675[39m
[35m[HTTP][39m [90m[39m
[35m[HTTP][39m [37m-->[39m [37mPOST[39m [37m/wd/hub/session/dcbc3930-3ecd-4aa8-9266-8e828b1da455/elements[39m
[35m[HTTP][39m [90m{"using":"accessibility id","value":"password should contain at least one upper case\n, lower case & number"}[39m
[35m[HTTP][39m [37m<-- POST /wd/hub/session/dcbc3930-3ecd-4aa8-9266-8e828b1da455/elements [39m[32m200[39m [90m43 ms - 139[39m
[35m[HTTP][39m [90m[39m
[35m[HTTP][39m [37m-->[39m [37mPOST[39m [37m/wd/hub/session/dcbc3930-3ecd-4aa8-9266-8e828b1da455/elements[39m
[35m[HTTP][39m [90m{"using":"xpath","value":"//*[@class = 'android.view.View' and @resource-id = '' and (@text = '' or . = '')]"}[39m
[35m[HTTP][39m [37m<-- POST /wd/hub/session/dcbc3930-3ecd-4aa8-9266-8e828b1da455/elements [39m[32m200[39m [90m167 ms - 1675[39m
[35m[HTTP][39m [90m[39m
[35m[HTTP][39m [37m-->[39m [37mPOST[39m [37m/wd/hub/session/dcbc3930-3ecd-4aa8-9266-8e828b1da455/elements[39m
[35m[HTTP][39m [90m{"using":"accessibility id","value":"Use valid email"}[39m
[35m[HTTP][39m [37m<-- POST /wd/hub/session/dcbc3930-3ecd-4aa8-9266-8e828b1da455/elements [39m[32m200[39m [90m62 ms - 139[39m
[35m[HTTP][39m [90m[39m
[35m[HTTP][39m [37m-->[39m [37mPOST[39m [37m/wd/hub/session/dcbc3930-3ecd-4aa8-9266-8e828b1da455/elements[39m
[35m[HTTP][39m [90m{"using":"xpath","value":"//*[@class = 'android.view.View' and @resource-id = '' and (@text = '' or . = '')]"}[39m
[35m[HTTP][39m [37m<-- POST /wd/hub/session/dcbc3930-3ecd-4aa8-9266-8e828b1da455/elements [39m[32m200[39m [90m333 ms - 1675[39m
[35m[HTTP][39m [90m[39m
[35m[HTTP][39m [37m-->[39m [37mPOST[39m [37m/wd/hub/session/dcbc3930-3ecd-4aa8-9266-8e828b1da455/elements[39m
[35m[HTTP][39m [90m{"using":"accessibility id","value":"use valid nik"}[39m
[35m[HTTP][39m [37m<-- POST /wd/hub/session/dcbc3930-3ecd-4aa8-9266-8e828b1da455/elements [39m[32m200[39m [90m641 ms - 139[39m
[35m[HTTP][39m [90m[39m
[35m[BaseDriver][39m Shutting down because we waited 1800 seconds for a command
[35m[Appium][39m Closing session, cause was 'New Command Timeout of 1800 seconds expired. Try customizing the timeout using the 'newCommandTimeout' desired capability'
[35m[Appium][39m Removing session 'dcbc3930-3ecd-4aa8-9266-8e828b1da455' from our master session list
[35m[UiAutomator2][39m Restoring hidden api policy to the device default configuration
[35m[HTTP][39m [37m-->[39m [37mDELETE[39m [37m/wd/hub/session/dcbc3930-3ecd-4aa8-9266-8e828b1da455[39m
[35m[HTTP][39m [90m{}[39m
[35m[HTTP][39m [37m<-- DELETE /wd/hub/session/dcbc3930-3ecd-4aa8-9266-8e828b1da455 [39m[33m404[39m [90m63 ms - 2524[39m
[35m[HTTP][39m [90m[39m
